[I 2025-05-08 14:50:34,944] Trial 11 finished with value: 0.7673978782270086 and parameters: {'n_estimators': 40, 'max_depth': 5, 'gamma': 0.39874152974214566, 'subsample': 0.684402200509914, 'colsample_bytree': 0.9969596088199149}. Best is trial 0 with value: 0.7750344698299809.
/data/home/rtabares/anaconda3/envs/pyth3.12/lib/python3.12/site-packages/xgboost/core.py:377: FutureWarning: Your system has an old version of glibc (< 2.28). We will stop supporting Linux distros with glibc older than 2.28 after **May 31, 2025**. Please upgrade to a recent Linux distro (with glibc >= 2.28) to use future versions of XGBoost.
Note: You have installed the 'manylinux2014' variant of XGBoost. Certain features such as GPU algorithms or federated learning are not available. To use these features, please upgrade to a recent Linux distro with glibc 2.28+, and install the 'manylinux_2_28' variant.
  warnings.warn(
/data/home/rtabares/anaconda3/envs/pyth3.12/lib/python3.12/site-packages/xgboost/core.py:377: FutureWarning: Your system has an old version of glibc (< 2.28). We will stop supporting Linux distros with glibc older than 2.28 after **May 31, 2025**. Please upgrade to a recent Linux distro (with glibc >= 2.28) to use future versions of XGBoost.
Note: You have installed the 'manylinux2014' variant of XGBoost. Certain features such as GPU algorithms or federated learning are not available. To use these features, please upgrade to a recent Linux distro with glibc 2.28+, and install the 'manylinux_2_28' variant.
  warnings.warn(
/data/home/rtabares/anaconda3/envs/pyth3.12/lib/python3.12/site-packages/xgboost/core.py:377: FutureWarning: Your system has an old version of glibc (< 2.28). We will stop supporting Linux distros with glibc older than 2.28 after **May 31, 2025**. Please upgrade to a recent Linux distro (with glibc >= 2.28) to use future versions of XGBoost.
Note: You have installed the 'manylinux2014' variant of XGBoost. Certain features such as GPU algorithms or federated learning are not available. To use these features, please upgrade to a recent Linux distro with glibc 2.28+, and install the 'manylinux_2_28' variant.
  warnings.warn(
/data/home/rtabares/anaconda3/envs/pyth3.12/lib/python3.12/site-packages/xgboost/core.py:377: FutureWarning: Your system has an old version of glibc (< 2.28). We will stop supporting Linux distros with glibc older than 2.28 after **May 31, 2025**. Please upgrade to a recent Linux distro (with glibc >= 2.28) to use future versions of XGBoost.
Note: You have installed the 'manylinux2014' variant of XGBoost. Certain features such as GPU algorithms or federated learning are not available. To use these features, please upgrade to a recent Linux distro with glibc 2.28+, and install the 'manylinux_2_28' variant.
  warnings.warn(
[I 2025-05-08 14:50:36,167] Trial 12 finished with value: 0.7686798396653252 and parameters: {'n_estimators': 40, 'max_depth': 30, 'gamma': 0.8246399209967283, 'subsample': 0.7211767249334009, 'colsample_bytree': 0.8993242784691231}. Best is trial 0 with value: 0.7750344698299809.
[I 2025-05-08 14:50:36,562] Trial 13 finished with value: 0.7694437543450962 and parameters: {'n_estimators': 100, 'max_depth': 5, 'gamma': 0.5635099338446221, 'subsample': 0.8917998298846976, 'colsample_bytree': 0.9189083147255793}. Best is trial 0 with value: 0.7750344698299809.
[I 2025-05-08 14:50:37,109] Trial 14 finished with value: 0.766730504370142 and parameters: {'n_estimators': 40, 'max_depth': 30, 'gamma': 0.3765913196398667, 'subsample': 0.7899688639681097, 'colsample_bytree': 0.9507346190467891}. Best is trial 0 with value: 0.7750344698299809.
[I 2025-05-08 14:50:37,584] Trial 15 finished with value: 0.7703225009942491 and parameters: {'n_estimators': 100, 'max_depth': 5, 'gamma': 0.1138974011447233, 'subsample': 0.6623892154235589, 'colsample_bytree': 0.7472206370344503}. Best is trial 0 with value: 0.7750344698299809.
[I 2025-05-08 14:50:37,873] Trial 16 finished with value: 0.7780390120048615 and parameters: {'n_estimators': 40, 'max_depth': 5, 'gamma': 0.6717996624595401, 'subsample': 0.9058830919395758, 'colsample_bytree': 0.866924414031871}. Best is trial 16 with value: 0.7780390120048615.
[I 2025-05-08 14:50:38,309] Trial 17 finished with value: 0.7717477051315395 and parameters: {'n_estimators': 40, 'max_depth': 30, 'gamma': 0.7083862593759728, 'subsample': 0.8839084866953895, 'colsample_bytree': 0.8574410788494113}. Best is trial 16 with value: 0.7780390120048615.
[I 2025-05-08 14:50:38,612] Trial 18 finished with value: 0.7775066839846466 and parameters: {'n_estimators': 40, 'max_depth': 5, 'gamma': 0.6455732619005046, 'subsample': 0.9314971520293179, 'colsample_bytree': 0.6590100810908468}. Best is trial 16 with value: 0.7780390120048615.
[I 2025-05-08 14:50:38,895] Trial 19 finished with value: 0.7755693403954531 and parameters: {'n_estimators': 40, 'max_depth': 5, 'gamma': 0.8791428273947589, 'subsample': 0.937460825096498, 'colsample_bytree': 0.6667111340131878}. Best is trial 16 with value: 0.7780390120048615.
[I 2025-05-08 14:50:39,189] Trial 20 finished with value: 0.7692403254255538 and parameters: {'n_estimators': 40, 'max_depth': 5, 'gamma': 0.7072089104541451, 'subsample': 0.8508041319133905, 'colsample_bytree': 0.6599337712515533}. Best is trial 16 with value: 0.7780390120048615.
[I 2025-05-08 14:50:39,475] Trial 21 finished with value: 0.7737133329555356 and parameters: {'n_estimators': 40, 'max_depth': 5, 'gamma': 0.8875997587476416, 'subsample': 0.9436520721321013, 'colsample_bytree': 0.6684542300253697}. Best is trial 16 with value: 0.7780390120048615.
[I 2025-05-08 14:50:39,808] Trial 22 finished with value: 0.7741397721879449 and parameters: {'n_estimators': 40, 'max_depth': 5, 'gamma': 0.802486136722016, 'subsample': 0.9474005550291629, 'colsample_bytree': 0.6037939032937463}. Best is trial 16 with value: 0.7780390120048615.
[I 2025-05-08 14:50:40,010] Trial 23 finished with value: 0.7733751364878773 and parameters: {'n_estimators': 40, 'max_depth': 5, 'gamma': 0.9931045563952219, 'subsample': 0.911695324596649, 'colsample_bytree': 0.5073744790471051}. Best is trial 16 with value: 0.7780390120048615.
[I 2025-05-08 14:50:40,307] Trial 24 finished with value: 0.7726021521317408 and parameters: {'n_estimators': 40, 'max_depth': 5, 'gamma': 0.6651357710713457, 'subsample': 0.8549269069693577, 'colsample_bytree': 0.7053860808938153}. Best is trial 16 with value: 0.7780390120048615.
[I 2025-05-08 14:50:40,603] Trial 25 finished with value: 0.7733426146776458 and parameters: {'n_estimators': 40, 'max_depth': 5, 'gamma': 0.7948836384806497, 'subsample': 0.9329711731418688, 'colsample_bytree': 0.7855999283373409}. Best is trial 16 with value: 0.7780390120048615.
[I 2025-05-08 14:50:40,838] Trial 26 finished with value: 0.7638982607472503 and parameters: {'n_estimators': 10, 'max_depth': 5, 'gamma': 0.9219726302479396, 'subsample': 0.9971368987763934, 'colsample_bytree': 0.6101522400893955}. Best is trial 16 with value: 0.7780390120048615.
[I 2025-05-08 14:50:41,155] Trial 27 finished with value: 0.776411201164157 and parameters: {'n_estimators': 40, 'max_depth': 5, 'gamma': 0.6213743688422336, 'subsample': 0.8417304879182309, 'colsample_bytree': 0.6889885275545345}. Best is trial 16 with value: 0.7780390120048615.
[I 2025-05-08 14:50:41,462] Trial 28 finished with value: 0.7750043640702178 and parameters: {'n_estimators': 40, 'max_depth': 5, 'gamma': 0.6066714389145789, 'subsample': 0.8203292721820121, 'colsample_bytree': 0.7085368832513587}. Best is trial 16 with value: 0.7780390120048615.
[I 2025-05-08 14:50:41,768] Trial 29 finished with value: 0.7730034442001127 and parameters: {'n_estimators': 40, 'max_depth': 5, 'gamma': 0.4786256555934727, 'subsample': 0.7546551897751712, 'colsample_bytree': 0.7743771208624493}. Best is trial 16 with value: 0.7780390120048615.
[I 2025-05-08 14:50:45,055] A new study created in memory with name: rf
Parámetros guardados en checkpoint_shoppers_Dlatent_F/Full-data/IPC_0/best_models_Full-data_seed_0_space_original/xgb_best_params.json


>>> Optuna tuning rf metodo Full-data IPC 0 seed 0


[I 2025-05-08 14:50:48,972] Trial 0 finished with value: 0.8479159857030532 and parameters: {'n_estimators': 320, 'max_depth': 15, 'min_samples_split': 7, 'min_samples_leaf': 6}. Best is trial 0 with value: 0.8479159857030532.
[I 2025-05-08 14:50:51,596] Trial 1 finished with value: 0.8520830529365512 and parameters: {'n_estimators': 269, 'max_depth': 14, 'min_samples_split': 5, 'min_samples_leaf': 9}. Best is trial 1 with value: 0.8520830529365512.
[I 2025-05-08 14:50:55,570] Trial 2 finished with value: 0.8536801381930269 and parameters: {'n_estimators': 486, 'max_depth': 9, 'min_samples_split': 9, 'min_samples_leaf': 6}. Best is trial 2 with value: 0.8536801381930269.
[I 2025-05-08 14:50:59,169] Trial 3 finished with value: 0.7752420098301631 and parameters: {'n_estimators': 327, 'max_depth': 19, 'min_samples_split': 2, 'min_samples_leaf': 1}. Best is trial 2 with value: 0.8536801381930269.
[I 2025-05-08 14:51:00,382] Trial 4 finished with value: 0.8492616499170701 and parameters: {'n_estimators': 108, 'max_depth': 17, 'min_samples_split': 9, 'min_samples_leaf': 9}. Best is trial 2 with value: 0.8536801381930269.
[I 2025-05-08 14:51:05,227] Trial 5 finished with value: 0.8503802053870588 and parameters: {'n_estimators': 492, 'max_depth': 17, 'min_samples_split': 6, 'min_samples_leaf': 8}. Best is trial 2 with value: 0.8536801381930269.
[I 2025-05-08 14:51:06,824] Trial 6 finished with value: 0.8508344355245943 and parameters: {'n_estimators': 147, 'max_depth': 14, 'min_samples_split': 3, 'min_samples_leaf': 10}. Best is trial 2 with value: 0.8536801381930269.
[I 2025-05-08 14:51:09,405] Trial 7 finished with value: 0.8524906317959327 and parameters: {'n_estimators': 309, 'max_depth': 10, 'min_samples_split': 4, 'min_samples_leaf': 8}. Best is trial 2 with value: 0.8536801381930269.
[I 2025-05-08 14:51:12,087] Trial 8 finished with value: 0.8512015360515207 and parameters: {'n_estimators': 282, 'max_depth': 13, 'min_samples_split': 2, 'min_samples_leaf': 7}. Best is trial 2 with value: 0.8536801381930269.
[I 2025-05-08 14:51:15,112] Trial 9 finished with value: 0.8478729521758621 and parameters: {'n_estimators': 345, 'max_depth': 14, 'min_samples_split': 10, 'min_samples_leaf': 7}. Best is trial 2 with value: 0.8536801381930269.
[I 2025-05-08 14:51:18,127] Trial 10 finished with value: 0.8489421620286931 and parameters: {'n_estimators': 487, 'max_depth': 5, 'min_samples_split': 8, 'min_samples_leaf': 3}. Best is trial 2 with value: 0.8536801381930269.
[I 2025-05-08 14:51:21,842] Trial 11 finished with value: 0.8512296811420557 and parameters: {'n_estimators': 413, 'max_depth': 8, 'min_samples_split': 4, 'min_samples_leaf': 4}. Best is trial 2 with value: 0.8536801381930269.
[I 2025-05-08 14:51:24,392] Trial 12 finished with value: 0.853756768736155 and parameters: {'n_estimators': 219, 'max_depth': 9, 'min_samples_split': 5, 'min_samples_leaf': 5}. Best is trial 12 with value: 0.853756768736155.
[I 2025-05-08 14:51:26,599] Trial 13 finished with value: 0.8507742366545468 and parameters: {'n_estimators': 200, 'max_depth': 7, 'min_samples_split': 7, 'min_samples_leaf': 4}. Best is trial 12 with value: 0.853756768736155.
[I 2025-05-08 14:51:27,683] Trial 14 finished with value: 0.8372972541523179 and parameters: {'n_estimators': 203, 'max_depth': 3, 'min_samples_split': 10, 'min_samples_leaf': 5}. Best is trial 12 with value: 0.853756768736155.
[I 2025-05-08 14:51:30,911] Trial 15 finished with value: 0.8470951357187889 and parameters: {'n_estimators': 392, 'max_depth': 10, 'min_samples_split': 6, 'min_samples_leaf': 2}. Best is trial 12 with value: 0.853756768736155.
[I 2025-05-08 14:51:32,700] Trial 16 finished with value: 0.8528223011324826 and parameters: {'n_estimators': 216, 'max_depth': 8, 'min_samples_split': 8, 'min_samples_leaf': 5}. Best is trial 12 with value: 0.853756768736155.
[I 2025-05-08 14:51:36,362] Trial 17 finished with value: 0.8519788591789172 and parameters: {'n_estimators': 428, 'max_depth': 11, 'min_samples_split': 5, 'min_samples_leaf': 6}. Best is trial 12 with value: 0.853756768736155.
[I 2025-05-08 14:51:37,948] Trial 18 finished with value: 0.8508770895674183 and parameters: {'n_estimators': 244, 'max_depth': 6, 'min_samples_split': 8, 'min_samples_leaf': 4}. Best is trial 12 with value: 0.853756768736155.
[I 2025-05-08 14:51:38,777] Trial 19 finished with value: 0.8309930195115681 and parameters: {'n_estimators': 159, 'max_depth': 3, 'min_samples_split': 5, 'min_samples_leaf': 3}. Best is trial 12 with value: 0.853756768736155.
