[I 2025-05-15 07:14:48,541] Trial 11 finished with value: 0.8 and parameters: {'n_estimators': 10, 'max_depth': 5, 'gamma': 0.41181387049106444, 'subsample': 0.8557943477155552, 'colsample_bytree': 0.5021847705422506}. Best is trial 2 with value: 0.8666666666666666.
/data/home/rtabares/anaconda3/envs/pyth3.12/lib/python3.12/site-packages/xgboost/core.py:377: FutureWarning: Your system has an old version of glibc (< 2.28). We will stop supporting Linux distros with glibc older than 2.28 after **May 31, 2025**. Please upgrade to a recent Linux distro (with glibc >= 2.28) to use future versions of XGBoost.
Note: You have installed the 'manylinux2014' variant of XGBoost. Certain features such as GPU algorithms or federated learning are not available. To use these features, please upgrade to a recent Linux distro with glibc 2.28+, and install the 'manylinux_2_28' variant.
  warnings.warn(
/data/home/rtabares/anaconda3/envs/pyth3.12/lib/python3.12/site-packages/xgboost/core.py:377: FutureWarning: Your system has an old version of glibc (< 2.28). We will stop supporting Linux distros with glibc older than 2.28 after **May 31, 2025**. Please upgrade to a recent Linux distro (with glibc >= 2.28) to use future versions of XGBoost.
Note: You have installed the 'manylinux2014' variant of XGBoost. Certain features such as GPU algorithms or federated learning are not available. To use these features, please upgrade to a recent Linux distro with glibc 2.28+, and install the 'manylinux_2_28' variant.
  warnings.warn(
/data/home/rtabares/anaconda3/envs/pyth3.12/lib/python3.12/site-packages/xgboost/core.py:377: FutureWarning: Your system has an old version of glibc (< 2.28). We will stop supporting Linux distros with glibc older than 2.28 after **May 31, 2025**. Please upgrade to a recent Linux distro (with glibc >= 2.28) to use future versions of XGBoost.
Note: You have installed the 'manylinux2014' variant of XGBoost. Certain features such as GPU algorithms or federated learning are not available. To use these features, please upgrade to a recent Linux distro with glibc 2.28+, and install the 'manylinux_2_28' variant.
  warnings.warn(
/data/home/rtabares/anaconda3/envs/pyth3.12/lib/python3.12/site-packages/xgboost/core.py:377: FutureWarning: Your system has an old version of glibc (< 2.28). We will stop supporting Linux distros with glibc older than 2.28 after **May 31, 2025**. Please upgrade to a recent Linux distro (with glibc >= 2.28) to use future versions of XGBoost.
Note: You have installed the 'manylinux2014' variant of XGBoost. Certain features such as GPU algorithms or federated learning are not available. To use these features, please upgrade to a recent Linux distro with glibc 2.28+, and install the 'manylinux_2_28' variant.
  warnings.warn(
[I 2025-05-15 07:14:49,191] Trial 12 finished with value: 0.6666666666666666 and parameters: {'n_estimators': 100, 'max_depth': 20, 'gamma': 0.28240418702901515, 'subsample': 0.8073241556656336, 'colsample_bytree': 0.6535955127051102}. Best is trial 2 with value: 0.8666666666666666.
[I 2025-05-15 07:14:49,229] Trial 13 finished with value: 0.8666666666666666 and parameters: {'n_estimators': 10, 'max_depth': 5, 'gamma': 0.48435430950093433, 'subsample': 0.9982710370462082, 'colsample_bytree': 0.5867191131764121}. Best is trial 2 with value: 0.8666666666666666.
[I 2025-05-15 07:14:49,267] Trial 14 finished with value: 0.8 and parameters: {'n_estimators': 10, 'max_depth': 20, 'gamma': 0.49051188707170573, 'subsample': 0.6131864278141854, 'colsample_bytree': 0.8288392440465161}. Best is trial 2 with value: 0.8666666666666666.
[I 2025-05-15 07:14:49,309] Trial 15 finished with value: 0.85 and parameters: {'n_estimators': 10, 'max_depth': 5, 'gamma': 0.22325510434568113, 'subsample': 0.6144954837170854, 'colsample_bytree': 0.7067805353456382}. Best is trial 2 with value: 0.8666666666666666.
[I 2025-05-15 07:14:49,350] Trial 16 finished with value: 0.8 and parameters: {'n_estimators': 10, 'max_depth': 20, 'gamma': 0.451270105919751, 'subsample': 0.877590423410362, 'colsample_bytree': 0.587731048120518}. Best is trial 2 with value: 0.8666666666666666.
[I 2025-05-15 07:14:49,388] Trial 17 finished with value: 0.9 and parameters: {'n_estimators': 10, 'max_depth': 5, 'gamma': 0.6231121865155755, 'subsample': 0.7960021556276259, 'colsample_bytree': 0.7109611479294711}. Best is trial 17 with value: 0.9.
[I 2025-05-15 07:14:49,427] Trial 18 finished with value: 0.8166666666666667 and parameters: {'n_estimators': 10, 'max_depth': 20, 'gamma': 0.6543212837690926, 'subsample': 0.7836967229030436, 'colsample_bytree': 0.8869518771784087}. Best is trial 17 with value: 0.9.
[I 2025-05-15 07:14:49,465] Trial 19 finished with value: 0.85 and parameters: {'n_estimators': 10, 'max_depth': 5, 'gamma': 0.3460988255883707, 'subsample': 0.8213045553750545, 'colsample_bytree': 0.6743788368732647}. Best is trial 17 with value: 0.9.
[I 2025-05-15 07:14:49,502] Trial 20 finished with value: 0.7166666666666666 and parameters: {'n_estimators': 40, 'max_depth': 20, 'gamma': 0.6028651135560029, 'subsample': 0.7055581763582855, 'colsample_bytree': 0.7121478862090136}. Best is trial 17 with value: 0.9.
[I 2025-05-15 07:14:49,542] Trial 21 finished with value: 0.8666666666666666 and parameters: {'n_estimators': 10, 'max_depth': 5, 'gamma': 0.5414889119268596, 'subsample': 0.9838309308823413, 'colsample_bytree': 0.5941885863303761}. Best is trial 17 with value: 0.9.
[I 2025-05-15 07:14:49,582] Trial 22 finished with value: 0.85 and parameters: {'n_estimators': 10, 'max_depth': 5, 'gamma': 0.40320326066820306, 'subsample': 0.9037259783261816, 'colsample_bytree': 0.5669818954429469}. Best is trial 17 with value: 0.9.
[I 2025-05-15 07:14:49,621] Trial 23 finished with value: 0.7666666666666666 and parameters: {'n_estimators': 10, 'max_depth': 5, 'gamma': 0.7169326569429794, 'subsample': 0.6478677913320325, 'colsample_bytree': 0.6146830274819476}. Best is trial 17 with value: 0.9.
[I 2025-05-15 07:14:49,658] Trial 24 finished with value: 0.7333333333333333 and parameters: {'n_estimators': 10, 'max_depth': 5, 'gamma': 0.48462056913357593, 'subsample': 0.558620818276516, 'colsample_bytree': 0.7236816952042269}. Best is trial 17 with value: 0.9.
[I 2025-05-15 07:14:49,699] Trial 25 finished with value: 0.8166666666666667 and parameters: {'n_estimators': 10, 'max_depth': 5, 'gamma': 0.10419992365893271, 'subsample': 0.7314832944521735, 'colsample_bytree': 0.8150553345289901}. Best is trial 17 with value: 0.9.
[I 2025-05-15 07:14:49,740] Trial 26 finished with value: 0.8 and parameters: {'n_estimators': 10, 'max_depth': 5, 'gamma': 0.5743804337942131, 'subsample': 0.9312947265655164, 'colsample_bytree': 0.5392746938287702}. Best is trial 17 with value: 0.9.
[I 2025-05-15 07:14:49,779] Trial 27 finished with value: 0.85 and parameters: {'n_estimators': 10, 'max_depth': 5, 'gamma': 0.3059382713153821, 'subsample': 0.5741522139778876, 'colsample_bytree': 0.6259610300107498}. Best is trial 17 with value: 0.9.
[I 2025-05-15 07:14:49,819] Trial 28 finished with value: 0.8833333333333332 and parameters: {'n_estimators': 10, 'max_depth': 30, 'gamma': 0.7206064237466012, 'subsample': 0.6642609694823516, 'colsample_bytree': 0.6873115671501032}. Best is trial 17 with value: 0.9.
[I 2025-05-15 07:14:49,860] Trial 29 finished with value: 0.8166666666666667 and parameters: {'n_estimators': 40, 'max_depth': 30, 'gamma': 0.7482770333629111, 'subsample': 0.7574423962661625, 'colsample_bytree': 0.6823863672781162}. Best is trial 17 with value: 0.9.
[I 2025-05-15 07:14:51,800] A new study created in memory with name: rf
Parámetros guardados en checkpoint_shoppers_Doriginal_F/random/IPC_11/best_models_random_seed_5_space_original/xgb_best_params.json


>>> Optuna tuning rf metodo random IPC 11 seed 5


[I 2025-05-15 07:14:54,540] Trial 0 finished with value: 0.5 and parameters: {'n_estimators': 189, 'max_depth': 18, 'min_samples_split': 3, 'min_samples_leaf': 10}. Best is trial 0 with value: 0.5.
[I 2025-05-15 07:14:55,030] Trial 1 finished with value: 0.7666666666666666 and parameters: {'n_estimators': 295, 'max_depth': 14, 'min_samples_split': 8, 'min_samples_leaf': 6}. Best is trial 1 with value: 0.7666666666666666.
[I 2025-05-15 07:14:55,363] Trial 2 finished with value: 0.5 and parameters: {'n_estimators': 219, 'max_depth': 6, 'min_samples_split': 2, 'min_samples_leaf': 8}. Best is trial 1 with value: 0.7666666666666666.
[I 2025-05-15 07:14:55,755] Trial 3 finished with value: 0.7666666666666666 and parameters: {'n_estimators': 276, 'max_depth': 5, 'min_samples_split': 9, 'min_samples_leaf': 3}. Best is trial 1 with value: 0.7666666666666666.
[I 2025-05-15 07:14:56,113] Trial 4 finished with value: 0.75 and parameters: {'n_estimators': 266, 'max_depth': 8, 'min_samples_split': 7, 'min_samples_leaf': 6}. Best is trial 1 with value: 0.7666666666666666.
[I 2025-05-15 07:14:56,566] Trial 5 finished with value: 0.7666666666666666 and parameters: {'n_estimators': 340, 'max_depth': 7, 'min_samples_split': 4, 'min_samples_leaf': 3}. Best is trial 1 with value: 0.7666666666666666.
[I 2025-05-15 07:14:56,896] Trial 6 finished with value: 0.5 and parameters: {'n_estimators': 231, 'max_depth': 5, 'min_samples_split': 3, 'min_samples_leaf': 10}. Best is trial 1 with value: 0.7666666666666666.
[I 2025-05-15 07:14:57,498] Trial 7 finished with value: 0.7666666666666666 and parameters: {'n_estimators': 485, 'max_depth': 6, 'min_samples_split': 2, 'min_samples_leaf': 3}. Best is trial 1 with value: 0.7666666666666666.
[I 2025-05-15 07:14:57,982] Trial 8 finished with value: 0.7333333333333333 and parameters: {'n_estimators': 380, 'max_depth': 17, 'min_samples_split': 2, 'min_samples_leaf': 6}. Best is trial 1 with value: 0.7666666666666666.
[I 2025-05-15 07:14:58,171] Trial 9 finished with value: 0.5 and parameters: {'n_estimators': 100, 'max_depth': 12, 'min_samples_split': 7, 'min_samples_leaf': 10}. Best is trial 1 with value: 0.7666666666666666.
[I 2025-05-15 07:14:58,718] Trial 10 finished with value: 0.7333333333333333 and parameters: {'n_estimators': 446, 'max_depth': 13, 'min_samples_split': 10, 'min_samples_leaf': 5}. Best is trial 1 with value: 0.7666666666666666.
[I 2025-05-15 07:14:59,725] Trial 11 finished with value: 0.6833333333333333 and parameters: {'n_estimators': 314, 'max_depth': 15, 'min_samples_split': 10, 'min_samples_leaf': 1}. Best is trial 1 with value: 0.7666666666666666.
[I 2025-05-15 07:15:00,193] Trial 12 finished with value: 0.7666666666666666 and parameters: {'n_estimators': 390, 'max_depth': 3, 'min_samples_split': 8, 'min_samples_leaf': 3}. Best is trial 1 with value: 0.7666666666666666.
[I 2025-05-15 07:15:01,194] Trial 13 finished with value: 0.7666666666666666 and parameters: {'n_estimators': 284, 'max_depth': 10, 'min_samples_split': 9, 'min_samples_leaf': 5}. Best is trial 1 with value: 0.7666666666666666.
[I 2025-05-15 07:15:01,473] Trial 14 finished with value: 0.8 and parameters: {'n_estimators': 187, 'max_depth': 20, 'min_samples_split': 5, 'min_samples_leaf': 1}. Best is trial 14 with value: 0.8.
[I 2025-05-15 07:15:01,665] Trial 15 finished with value: 0.6666666666666666 and parameters: {'n_estimators': 132, 'max_depth': 20, 'min_samples_split': 5, 'min_samples_leaf': 1}. Best is trial 14 with value: 0.8.
[I 2025-05-15 07:15:01,900] Trial 16 finished with value: 0.5 and parameters: {'n_estimators': 182, 'max_depth': 20, 'min_samples_split': 6, 'min_samples_leaf': 8}. Best is trial 14 with value: 0.8.
[I 2025-05-15 07:15:02,142] Trial 17 finished with value: 0.5 and parameters: {'n_estimators': 160, 'max_depth': 15, 'min_samples_split': 5, 'min_samples_leaf': 8}. Best is trial 14 with value: 0.8.
[I 2025-05-15 07:15:02,446] Trial 18 finished with value: 0.5 and parameters: {'n_estimators': 225, 'max_depth': 17, 'min_samples_split': 6, 'min_samples_leaf': 7}. Best is trial 14 with value: 0.8.
[I 2025-05-15 07:15:02,861] Trial 19 finished with value: 0.7166666666666666 and parameters: {'n_estimators': 343, 'max_depth': 10, 'min_samples_split': 7, 'min_samples_leaf': 4}. Best is trial 14 with value: 0.8.
[I 2025-05-15 07:15:03,146] Trial 20 finished with value: 0.7666666666666666 and parameters: {'n_estimators': 251, 'max_depth': 14, 'min_samples_split': 8, 'min_samples_leaf': 2}. Best is trial 14 with value: 0.8.
[I 2025-05-15 07:15:03,521] Trial 21 finished with value: 0.7666666666666666 and parameters: {'n_estimators': 303, 'max_depth': 3, 'min_samples_split': 9, 'min_samples_leaf': 2}. Best is trial 14 with value: 0.8.
