[I 2025-05-08 14:45:07,441] Trial 11 finished with value: 0.7982562616742424 and parameters: {'n_estimators': 100, 'max_depth': 5, 'gamma': 0.9780821597952087, 'subsample': 0.6991327138554846, 'colsample_bytree': 0.9969596088199149}. Best is trial 11 with value: 0.7982562616742424.
/data/home/rtabares/anaconda3/envs/pyth3.12/lib/python3.12/site-packages/xgboost/core.py:377: FutureWarning: Your system has an old version of glibc (< 2.28). We will stop supporting Linux distros with glibc older than 2.28 after **May 31, 2025**. Please upgrade to a recent Linux distro (with glibc >= 2.28) to use future versions of XGBoost.
Note: You have installed the 'manylinux2014' variant of XGBoost. Certain features such as GPU algorithms or federated learning are not available. To use these features, please upgrade to a recent Linux distro with glibc 2.28+, and install the 'manylinux_2_28' variant.
  warnings.warn(
/data/home/rtabares/anaconda3/envs/pyth3.12/lib/python3.12/site-packages/xgboost/core.py:377: FutureWarning: Your system has an old version of glibc (< 2.28). We will stop supporting Linux distros with glibc older than 2.28 after **May 31, 2025**. Please upgrade to a recent Linux distro (with glibc >= 2.28) to use future versions of XGBoost.
Note: You have installed the 'manylinux2014' variant of XGBoost. Certain features such as GPU algorithms or federated learning are not available. To use these features, please upgrade to a recent Linux distro with glibc 2.28+, and install the 'manylinux_2_28' variant.
  warnings.warn(
/data/home/rtabares/anaconda3/envs/pyth3.12/lib/python3.12/site-packages/xgboost/core.py:377: FutureWarning: Your system has an old version of glibc (< 2.28). We will stop supporting Linux distros with glibc older than 2.28 after **May 31, 2025**. Please upgrade to a recent Linux distro (with glibc >= 2.28) to use future versions of XGBoost.
Note: You have installed the 'manylinux2014' variant of XGBoost. Certain features such as GPU algorithms or federated learning are not available. To use these features, please upgrade to a recent Linux distro with glibc 2.28+, and install the 'manylinux_2_28' variant.
  warnings.warn(
/data/home/rtabares/anaconda3/envs/pyth3.12/lib/python3.12/site-packages/xgboost/core.py:377: FutureWarning: Your system has an old version of glibc (< 2.28). We will stop supporting Linux distros with glibc older than 2.28 after **May 31, 2025**. Please upgrade to a recent Linux distro (with glibc >= 2.28) to use future versions of XGBoost.
Note: You have installed the 'manylinux2014' variant of XGBoost. Certain features such as GPU algorithms or federated learning are not available. To use these features, please upgrade to a recent Linux distro with glibc 2.28+, and install the 'manylinux_2_28' variant.
  warnings.warn(
[I 2025-05-08 14:45:09,191] Trial 12 finished with value: 0.7972132904632651 and parameters: {'n_estimators': 100, 'max_depth': 5, 'gamma': 0.9992933757507363, 'subsample': 0.7037618908833935, 'colsample_bytree': 0.9200775924124897}. Best is trial 11 with value: 0.7982562616742424.
[I 2025-05-08 14:45:10,241] Trial 13 finished with value: 0.797511142325884 and parameters: {'n_estimators': 100, 'max_depth': 5, 'gamma': 0.7614692109626992, 'subsample': 0.8111118200397299, 'colsample_bytree': 0.9122041437736855}. Best is trial 11 with value: 0.7982562616742424.
[I 2025-05-08 14:45:11,211] Trial 14 finished with value: 0.7971957047450474 and parameters: {'n_estimators': 100, 'max_depth': 5, 'gamma': 0.8619792491491385, 'subsample': 0.6419740102674932, 'colsample_bytree': 0.98584436173956}. Best is trial 11 with value: 0.7982562616742424.
[I 2025-05-08 14:45:11,882] Trial 15 finished with value: 0.7947270525365739 and parameters: {'n_estimators': 40, 'max_depth': 5, 'gamma': 0.3508253335562579, 'subsample': 0.8262595028177575, 'colsample_bytree': 0.7235503958995013}. Best is trial 11 with value: 0.7982562616742424.
[I 2025-05-08 14:45:13,070] Trial 16 finished with value: 0.7949107545735199 and parameters: {'n_estimators': 100, 'max_depth': 5, 'gamma': 0.6286484370183922, 'subsample': 0.6487804658026871, 'colsample_bytree': 0.8838031788621593}. Best is trial 11 with value: 0.7982562616742424.
[I 2025-05-08 14:45:14,120] Trial 17 finished with value: 0.7981990451863293 and parameters: {'n_estimators': 100, 'max_depth': 5, 'gamma': 0.36655148498992607, 'subsample': 0.8707044594862765, 'colsample_bytree': 0.617293780839153}. Best is trial 11 with value: 0.7982562616742424.
[I 2025-05-08 14:45:14,837] Trial 18 finished with value: 0.7934045670780715 and parameters: {'n_estimators': 40, 'max_depth': 5, 'gamma': 0.3544418085409456, 'subsample': 0.869455901249342, 'colsample_bytree': 0.6289769971575503}. Best is trial 11 with value: 0.7982562616742424.
[I 2025-05-08 14:45:15,523] Trial 19 finished with value: 0.7825445819844927 and parameters: {'n_estimators': 10, 'max_depth': 30, 'gamma': 0.42352659963854444, 'subsample': 0.8850649602054159, 'colsample_bytree': 0.666741753669585}. Best is trial 11 with value: 0.7982562616742424.
[I 2025-05-08 14:45:16,554] Trial 20 finished with value: 0.7984637793797692 and parameters: {'n_estimators': 100, 'max_depth': 5, 'gamma': 0.8436000526263521, 'subsample': 0.7536644872815214, 'colsample_bytree': 0.5280460435729333}. Best is trial 20 with value: 0.7984637793797692.
[I 2025-05-08 14:45:17,638] Trial 21 finished with value: 0.7979720649484363 and parameters: {'n_estimators': 100, 'max_depth': 5, 'gamma': 0.8819557169155927, 'subsample': 0.7525416662702719, 'colsample_bytree': 0.514085625026814}. Best is trial 20 with value: 0.7984637793797692.
[I 2025-05-08 14:45:18,678] Trial 22 finished with value: 0.7976946388150232 and parameters: {'n_estimators': 100, 'max_depth': 5, 'gamma': 0.8083472250546828, 'subsample': 0.6396221722078966, 'colsample_bytree': 0.594348905853391}. Best is trial 20 with value: 0.7984637793797692.
[I 2025-05-08 14:45:19,696] Trial 23 finished with value: 0.7983679474626163 and parameters: {'n_estimators': 100, 'max_depth': 5, 'gamma': 0.9328275059083723, 'subsample': 0.8975742584016496, 'colsample_bytree': 0.5013006813764311}. Best is trial 20 with value: 0.7984637793797692.
[I 2025-05-08 14:45:20,776] Trial 24 finished with value: 0.7973073945284475 and parameters: {'n_estimators': 100, 'max_depth': 5, 'gamma': 0.9167803245969495, 'subsample': 0.6931883563487821, 'colsample_bytree': 0.5021894713621671}. Best is trial 20 with value: 0.7984637793797692.
[I 2025-05-08 14:45:21,901] Trial 25 finished with value: 0.7973798766263365 and parameters: {'n_estimators': 100, 'max_depth': 5, 'gamma': 0.7075865544587456, 'subsample': 0.764466618113154, 'colsample_bytree': 0.5559285504540625}. Best is trial 20 with value: 0.7984637793797692.
[I 2025-05-08 14:45:22,871] Trial 26 finished with value: 0.7983486389904589 and parameters: {'n_estimators': 100, 'max_depth': 5, 'gamma': 0.8257425388718184, 'subsample': 0.9451005701803997, 'colsample_bytree': 0.7790575351711161}. Best is trial 20 with value: 0.7984637793797692.
[I 2025-05-08 14:45:23,861] Trial 27 finished with value: 0.7977930636635115 and parameters: {'n_estimators': 100, 'max_depth': 5, 'gamma': 0.8304814722610263, 'subsample': 0.9201949349190054, 'colsample_bytree': 0.77103113241339}. Best is trial 20 with value: 0.7984637793797692.
[I 2025-05-08 14:45:24,774] Trial 28 finished with value: 0.7918133529979643 and parameters: {'n_estimators': 40, 'max_depth': 20, 'gamma': 0.6472595912557465, 'subsample': 0.9536926151563576, 'colsample_bytree': 0.6901059360959295}. Best is trial 20 with value: 0.7984637793797692.
[I 2025-05-08 14:45:25,420] Trial 29 finished with value: 0.7833870101131761 and parameters: {'n_estimators': 10, 'max_depth': 30, 'gamma': 0.7871150212749687, 'subsample': 0.9243411044912965, 'colsample_bytree': 0.772075893878384}. Best is trial 20 with value: 0.7984637793797692.
[I 2025-05-08 14:45:30,105] A new study created in memory with name: rf
Parámetros guardados en checkpoint_adult_Doriginal_G/Full-data/IPC_0/best_models_Full-data_seed_0_space_original/xgb_best_params.json


>>> Optuna tuning rf metodo Full-data IPC 0 seed 0


[I 2025-05-08 14:45:39,913] Trial 0 finished with value: 0.8281140686133389 and parameters: {'n_estimators': 320, 'max_depth': 15, 'min_samples_split': 7, 'min_samples_leaf': 6}. Best is trial 0 with value: 0.8281140686133389.
