[I 2025-05-08 14:57:33,413] Trial 11 finished with value: 0.6532580355661782 and parameters: {'n_estimators': 100, 'max_depth': 5, 'gamma': 0.34591196087553744, 'subsample': 0.8241612849479952, 'colsample_bytree': 0.5898155819233919}. Best is trial 9 with value: 0.6546708569466451.
/data/home/rtabares/anaconda3/envs/pyth3.12/lib/python3.12/site-packages/xgboost/core.py:377: FutureWarning: Your system has an old version of glibc (< 2.28). We will stop supporting Linux distros with glibc older than 2.28 after **May 31, 2025**. Please upgrade to a recent Linux distro (with glibc >= 2.28) to use future versions of XGBoost.
Note: You have installed the 'manylinux2014' variant of XGBoost. Certain features such as GPU algorithms or federated learning are not available. To use these features, please upgrade to a recent Linux distro with glibc 2.28+, and install the 'manylinux_2_28' variant.
  warnings.warn(
/data/home/rtabares/anaconda3/envs/pyth3.12/lib/python3.12/site-packages/xgboost/core.py:377: FutureWarning: Your system has an old version of glibc (< 2.28). We will stop supporting Linux distros with glibc older than 2.28 after **May 31, 2025**. Please upgrade to a recent Linux distro (with glibc >= 2.28) to use future versions of XGBoost.
Note: You have installed the 'manylinux2014' variant of XGBoost. Certain features such as GPU algorithms or federated learning are not available. To use these features, please upgrade to a recent Linux distro with glibc 2.28+, and install the 'manylinux_2_28' variant.
  warnings.warn(
/data/home/rtabares/anaconda3/envs/pyth3.12/lib/python3.12/site-packages/xgboost/core.py:377: FutureWarning: Your system has an old version of glibc (< 2.28). We will stop supporting Linux distros with glibc older than 2.28 after **May 31, 2025**. Please upgrade to a recent Linux distro (with glibc >= 2.28) to use future versions of XGBoost.
Note: You have installed the 'manylinux2014' variant of XGBoost. Certain features such as GPU algorithms or federated learning are not available. To use these features, please upgrade to a recent Linux distro with glibc 2.28+, and install the 'manylinux_2_28' variant.
  warnings.warn(
/data/home/rtabares/anaconda3/envs/pyth3.12/lib/python3.12/site-packages/xgboost/core.py:377: FutureWarning: Your system has an old version of glibc (< 2.28). We will stop supporting Linux distros with glibc older than 2.28 after **May 31, 2025**. Please upgrade to a recent Linux distro (with glibc >= 2.28) to use future versions of XGBoost.
Note: You have installed the 'manylinux2014' variant of XGBoost. Certain features such as GPU algorithms or federated learning are not available. To use these features, please upgrade to a recent Linux distro with glibc 2.28+, and install the 'manylinux_2_28' variant.
  warnings.warn(
[I 2025-05-08 14:57:35,230] Trial 12 finished with value: 0.653686818167629 and parameters: {'n_estimators': 100, 'max_depth': 5, 'gamma': 0.3733032106358055, 'subsample': 0.7925010704359667, 'colsample_bytree': 0.656370481454403}. Best is trial 9 with value: 0.6546708569466451.
[I 2025-05-08 14:57:36,364] Trial 13 finished with value: 0.653574958370742 and parameters: {'n_estimators': 100, 'max_depth': 5, 'gamma': 0.10503714528662239, 'subsample': 0.7252109153802254, 'colsample_bytree': 0.687411683745139}. Best is trial 9 with value: 0.6546708569466451.
[I 2025-05-08 14:57:37,457] Trial 14 finished with value: 0.65229760494786 and parameters: {'n_estimators': 100, 'max_depth': 5, 'gamma': 0.379200192770774, 'subsample': 0.6419740102674932, 'colsample_bytree': 0.6418204489745448}. Best is trial 9 with value: 0.6546708569466451.
[I 2025-05-08 14:57:38,028] Trial 15 finished with value: 0.6568678577061651 and parameters: {'n_estimators': 40, 'max_depth': 5, 'gamma': 0.31181413301518546, 'subsample': 0.8441652855524624, 'colsample_bytree': 0.7663097543268004}. Best is trial 15 with value: 0.6568678577061651.
[I 2025-05-08 14:57:38,698] Trial 16 finished with value: 0.6544240674649648 and parameters: {'n_estimators': 40, 'max_depth': 5, 'gamma': 0.6286484370183922, 'subsample': 0.8799593193679026, 'colsample_bytree': 0.8905319729988239}. Best is trial 15 with value: 0.6568678577061651.
[I 2025-05-08 14:57:39,323] Trial 17 finished with value: 0.6573541427545042 and parameters: {'n_estimators': 40, 'max_depth': 5, 'gamma': 0.28277765322864684, 'subsample': 0.9061493706462116, 'colsample_bytree': 0.7637913134034648}. Best is trial 17 with value: 0.6573541427545042.
[I 2025-05-08 14:57:39,965] Trial 18 finished with value: 0.6562443577540341 and parameters: {'n_estimators': 40, 'max_depth': 5, 'gamma': 0.3011210900818455, 'subsample': 0.8908728541185407, 'colsample_bytree': 0.7532828991704267}. Best is trial 17 with value: 0.6573541427545042.
[I 2025-05-08 14:57:41,454] Trial 19 finished with value: 0.6492634074464347 and parameters: {'n_estimators': 40, 'max_depth': 30, 'gamma': 0.8138035222907332, 'subsample': 0.9011501978403087, 'colsample_bytree': 0.7604113269932733}. Best is trial 17 with value: 0.6573541427545042.
[I 2025-05-08 14:57:42,132] Trial 20 finished with value: 0.6560937776596777 and parameters: {'n_estimators': 40, 'max_depth': 5, 'gamma': 0.45351594421561037, 'subsample': 0.6802888045078815, 'colsample_bytree': 0.8784015029201728}. Best is trial 17 with value: 0.6573541427545042.
[I 2025-05-08 14:57:42,785] Trial 21 finished with value: 0.6575239128135234 and parameters: {'n_estimators': 40, 'max_depth': 5, 'gamma': 0.29803009116962115, 'subsample': 0.8815324373198361, 'colsample_bytree': 0.7380295840149014}. Best is trial 21 with value: 0.6575239128135234.
[I 2025-05-08 14:57:43,434] Trial 22 finished with value: 0.6550515590533881 and parameters: {'n_estimators': 40, 'max_depth': 5, 'gamma': 0.28492316388141464, 'subsample': 0.8587098658361368, 'colsample_bytree': 0.7058021610160435}. Best is trial 21 with value: 0.6575239128135234.
[I 2025-05-08 14:57:43,888] Trial 23 finished with value: 0.6533620155676673 and parameters: {'n_estimators': 40, 'max_depth': 5, 'gamma': 0.10393874839645306, 'subsample': 0.9403243433874017, 'colsample_bytree': 0.760682419714865}. Best is trial 21 with value: 0.6575239128135234.
[I 2025-05-08 14:57:44,425] Trial 24 finished with value: 0.6564109437983304 and parameters: {'n_estimators': 40, 'max_depth': 5, 'gamma': 0.4397960679552172, 'subsample': 0.9341832608678406, 'colsample_bytree': 0.7941180231043259}. Best is trial 21 with value: 0.6575239128135234.
[I 2025-05-08 14:57:45,074] Trial 25 finished with value: 0.6571910988457461 and parameters: {'n_estimators': 40, 'max_depth': 5, 'gamma': 0.2700951056298853, 'subsample': 0.8476546854892774, 'colsample_bytree': 0.7129149911842005}. Best is trial 21 with value: 0.6575239128135234.
[I 2025-05-08 14:57:45,695] Trial 26 finished with value: 0.6559965149420404 and parameters: {'n_estimators': 40, 'max_depth': 5, 'gamma': 0.5765671081804731, 'subsample': 0.7807897835774613, 'colsample_bytree': 0.712790838495411}. Best is trial 21 with value: 0.6575239128135234.
[I 2025-05-08 14:57:46,365] Trial 27 finished with value: 0.6567206503190635 and parameters: {'n_estimators': 40, 'max_depth': 5, 'gamma': 0.25162260173005, 'subsample': 0.9125223435385916, 'colsample_bytree': 0.6287105877531954}. Best is trial 21 with value: 0.6575239128135234.
[I 2025-05-08 14:57:48,109] Trial 28 finished with value: 0.6478508479281919 and parameters: {'n_estimators': 40, 'max_depth': 20, 'gamma': 0.4117195751979851, 'subsample': 0.8624875605902802, 'colsample_bytree': 0.6912882612559498}. Best is trial 21 with value: 0.6575239128135234.
[I 2025-05-08 14:57:49,664] Trial 29 finished with value: 0.6482236737155087 and parameters: {'n_estimators': 40, 'max_depth': 30, 'gamma': 0.5411915481655986, 'subsample': 0.9505943160685739, 'colsample_bytree': 0.5091404607295773}. Best is trial 21 with value: 0.6575239128135234.
[I 2025-05-08 14:57:56,068] A new study created in memory with name: rf
Parámetros guardados en checkpoint_default_Dlatent_ft_H/Full-data/IPC_0/best_models_Full-data_seed_0_space_original/xgb_best_params.json


>>> Optuna tuning rf metodo Full-data IPC 0 seed 0


[I 2025-05-08 14:58:12,574] Trial 0 finished with value: 0.7109689376607633 and parameters: {'n_estimators': 320, 'max_depth': 15, 'min_samples_split': 7, 'min_samples_leaf': 6}. Best is trial 0 with value: 0.7109689376607633.
[I 2025-05-08 14:58:25,010] Trial 1 finished with value: 0.7122504955854477 and parameters: {'n_estimators': 269, 'max_depth': 14, 'min_samples_split': 5, 'min_samples_leaf': 9}. Best is trial 1 with value: 0.7122504955854477.
[I 2025-05-08 14:58:42,688] Trial 2 finished with value: 0.7130753483414363 and parameters: {'n_estimators': 486, 'max_depth': 9, 'min_samples_split': 9, 'min_samples_leaf': 6}. Best is trial 2 with value: 0.7130753483414363.
[I 2025-05-08 14:59:02,451] Trial 3 finished with value: 0.6728728941941761 and parameters: {'n_estimators': 327, 'max_depth': 19, 'min_samples_split': 2, 'min_samples_leaf': 1}. Best is trial 2 with value: 0.7130753483414363.
[I 2025-05-08 14:59:07,949] Trial 4 finished with value: 0.7112539150270207 and parameters: {'n_estimators': 108, 'max_depth': 17, 'min_samples_split': 9, 'min_samples_leaf': 9}. Best is trial 2 with value: 0.7130753483414363.
[I 2025-05-08 14:59:29,602] Trial 5 finished with value: 0.7116872562739139 and parameters: {'n_estimators': 492, 'max_depth': 17, 'min_samples_split': 6, 'min_samples_leaf': 8}. Best is trial 2 with value: 0.7130753483414363.
[I 2025-05-08 14:59:36,157] Trial 6 finished with value: 0.71163978330871 and parameters: {'n_estimators': 147, 'max_depth': 14, 'min_samples_split': 3, 'min_samples_leaf': 10}. Best is trial 2 with value: 0.7130753483414363.
[I 2025-05-08 14:59:48,792] Trial 7 finished with value: 0.7132233523770013 and parameters: {'n_estimators': 309, 'max_depth': 10, 'min_samples_split': 4, 'min_samples_leaf': 8}. Best is trial 7 with value: 0.7132233523770013.
[I 2025-05-08 15:00:02,831] Trial 8 finished with value: 0.7111201466611561 and parameters: {'n_estimators': 282, 'max_depth': 13, 'min_samples_split': 2, 'min_samples_leaf': 7}. Best is trial 7 with value: 0.7132233523770013.
[I 2025-05-08 15:00:17,806] Trial 9 finished with value: 0.7115283983494038 and parameters: {'n_estimators': 345, 'max_depth': 14, 'min_samples_split': 10, 'min_samples_leaf': 7}. Best is trial 7 with value: 0.7132233523770013.
[I 2025-05-08 15:00:24,796] Trial 10 finished with value: 0.7091592148092328 and parameters: {'n_estimators': 407, 'max_depth': 3, 'min_samples_split': 4, 'min_samples_leaf': 3}. Best is trial 7 with value: 0.7132233523770013.
[I 2025-05-08 15:00:41,668] Trial 11 finished with value: 0.7116919243232537 and parameters: {'n_estimators': 488, 'max_depth': 8, 'min_samples_split': 8, 'min_samples_leaf': 4}. Best is trial 7 with value: 0.7132233523770013.
[I 2025-05-08 15:00:49,919] Trial 12 finished with value: 0.712223970627975 and parameters: {'n_estimators': 219, 'max_depth': 9, 'min_samples_split': 5, 'min_samples_leaf': 5}. Best is trial 7 with value: 0.7132233523770013.
[I 2025-05-08 15:01:05,441] Trial 13 finished with value: 0.7113536494962334 and parameters: {'n_estimators': 408, 'max_depth': 9, 'min_samples_split': 7, 'min_samples_leaf': 6}. Best is trial 7 with value: 0.7132233523770013.
[I 2025-05-08 15:01:15,315] Trial 14 finished with value: 0.7122358418538817 and parameters: {'n_estimators': 411, 'max_depth': 5, 'min_samples_split': 10, 'min_samples_leaf': 3}. Best is trial 7 with value: 0.7132233523770013.
[I 2025-05-08 15:01:25,362] Trial 15 finished with value: 0.7130999904481291 and parameters: {'n_estimators': 218, 'max_depth': 11, 'min_samples_split': 4, 'min_samples_leaf': 8}. Best is trial 7 with value: 0.7132233523770013.
[I 2025-05-08 15:01:34,005] Trial 16 finished with value: 0.7125857939442662 and parameters: {'n_estimators': 213, 'max_depth': 11, 'min_samples_split': 4, 'min_samples_leaf': 10}. Best is trial 7 with value: 0.7132233523770013.
[I 2025-05-08 15:01:42,087] Trial 17 finished with value: 0.7132539530116828 and parameters: {'n_estimators': 209, 'max_depth': 6, 'min_samples_split': 4, 'min_samples_leaf': 8}. Best is trial 17 with value: 0.7132539530116828.
[I 2025-05-08 15:01:46,320] Trial 18 finished with value: 0.7120073739458797 and parameters: {'n_estimators': 171, 'max_depth': 6, 'min_samples_split': 3, 'min_samples_leaf': 8}. Best is trial 17 with value: 0.7132539530116828.
[I 2025-05-08 15:01:53,862] Trial 19 finished with value: 0.7124768610065098 and parameters: {'n_estimators': 261, 'max_depth': 6, 'min_samples_split': 5, 'min_samples_leaf': 9}. Best is trial 17 with value: 0.7132539530116828.
[I 2025-05-08 15:01:59,844] Trial 20 finished with value: 0.7079594142272837 and parameters: {'n_estimators': 373, 'max_depth': 3, 'min_samples_split': 3, 'min_samples_leaf': 7}. Best is trial 17 with value: 0.7132539530116828.
[I 2025-05-08 15:02:08,530] Trial 21 finished with value: 0.7115344829922047 and parameters: {'n_estimators': 227, 'max_depth': 11, 'min_samples_split': 4, 'min_samples_leaf': 8}. Best is trial 17 with value: 0.7132539530116828.
[I 2025-05-08 15:02:13,758] Trial 22 finished with value: 0.7124541754506187 and parameters: {'n_estimators': 175, 'max_depth': 7, 'min_samples_split': 6, 'min_samples_leaf': 8}. Best is trial 17 with value: 0.7132539530116828.
